2025-05-15 14:47:36 INFO  [traceId=,
				spanId=] [restartedMain] c.e.E.EcomHubConnectApplication - Starting EcomHubConnectApplication using Java 17.0.10 with PID 9355 (/Users/rashminpatel/Desktop/Projects/EcomHubConnect/target/classes started by rashminpatel in /Users/rashminpatel/Desktop/Projects/EcomHubConnect)
2025-05-15 14:47:36 INFO  [traceId=,
				spanId=] [restartedMain] c.e.E.EcomHubConnectApplication - No active profile set, falling back to 1 default profile: "default"
2025-05-15 14:47:37 INFO  [traceId=,
				spanId=] [restartedMain] o.s.b.d.e.DevToolsPropertyDefaultsPostProcessor - Devtools property defaults active! Set 'spring.devtools.add-properties' to 'false' to disable
2025-05-15 14:47:37 INFO  [traceId=,
				spanId=] [restartedMain] o.s.b.d.e.DevToolsPropertyDefaultsPostProcessor - For additional web related logging consider setting the 'logging.level.web' property to 'DEBUG'
2025-05-15 14:47:40 INFO  [traceId=,
				spanId=] [restartedMain] o.s.d.r.c.RepositoryConfigurationDelegate - Multiple Spring Data modules found, entering strict repository configuration mode
2025-05-15 14:47:40 INFO  [traceId=,
				spanId=] [restartedMain] o.s.d.r.c.RepositoryConfigurationDelegate - Bootstrapping Spring Data JPA repositories in DEFAULT mode.
2025-05-15 14:47:40 INFO  [traceId=,
				spanId=] [restartedMain] o.s.d.r.c.RepositoryConfigurationDelegate - Finished Spring Data repository scanning in 501 ms. Found 4 JPA repository interfaces.
2025-05-15 14:47:40 INFO  [traceId=,
				spanId=] [restartedMain] o.s.d.r.c.RepositoryConfigurationDelegate - Multiple Spring Data modules found, entering strict repository configuration mode
2025-05-15 14:47:40 INFO  [traceId=,
				spanId=] [restartedMain] o.s.d.r.c.RepositoryConfigurationDelegate - Bootstrapping Spring Data Redis repositories in DEFAULT mode.
2025-05-15 14:47:40 INFO  [traceId=,
				spanId=] [restartedMain] o.s.d.r.c.RepositoryConfigurationExtensionSupport - Spring Data Redis - Could not safely identify store assignment for repository candidate interface com.ecomhubconnect.EcomHubConnect.Repo.OrderRepository; If you want this repository to be a Redis repository, consider annotating your entities with one of these annotations: org.springframework.data.redis.core.RedisHash (preferred), or consider extending one of the following types with your repository: org.springframework.data.keyvalue.repository.KeyValueRepository
2025-05-15 14:47:40 INFO  [traceId=,
				spanId=] [restartedMain] o.s.d.r.c.RepositoryConfigurationExtensionSupport - Spring Data Redis - Could not safely identify store assignment for repository candidate interface com.ecomhubconnect.EcomHubConnect.Repo.OrderedProductsRepository; If you want this repository to be a Redis repository, consider annotating your entities with one of these annotations: org.springframework.data.redis.core.RedisHash (preferred), or consider extending one of the following types with your repository: org.springframework.data.keyvalue.repository.KeyValueRepository
2025-05-15 14:47:40 INFO  [traceId=,
				spanId=] [restartedMain] o.s.d.r.c.RepositoryConfigurationExtensionSupport - Spring Data Redis - Could not safely identify store assignment for repository candidate interface com.ecomhubconnect.EcomHubConnect.Repo.StoreRepository; If you want this repository to be a Redis repository, consider annotating your entities with one of these annotations: org.springframework.data.redis.core.RedisHash (preferred), or consider extending one of the following types with your repository: org.springframework.data.keyvalue.repository.KeyValueRepository
2025-05-15 14:47:40 INFO  [traceId=,
				spanId=] [restartedMain] o.s.d.r.c.RepositoryConfigurationExtensionSupport - Spring Data Redis - Could not safely identify store assignment for repository candidate interface com.ecomhubconnect.EcomHubConnect.Repo.UserRepository; If you want this repository to be a Redis repository, consider annotating your entities with one of these annotations: org.springframework.data.redis.core.RedisHash (preferred), or consider extending one of the following types with your repository: org.springframework.data.keyvalue.repository.KeyValueRepository
2025-05-15 14:47:40 INFO  [traceId=,
				spanId=] [restartedMain] o.s.d.r.c.RepositoryConfigurationDelegate - Finished Spring Data repository scanning in 19 ms. Found 0 Redis repository interfaces.
2025-05-15 14:47:42 INFO  [traceId=,
				spanId=] [restartedMain] o.s.b.w.e.tomcat.TomcatWebServer - Tomcat initialized with port 8080 (http)
2025-05-15 14:47:42 INFO  [traceId=,
				spanId=] [restartedMain] o.a.coyote.http11.Http11NioProtocol - Initializing ProtocolHandler ["http-nio-8080"]
2025-05-15 14:47:42 INFO  [traceId=,
				spanId=] [restartedMain] o.a.catalina.core.StandardService - Starting service [Tomcat]
2025-05-15 14:47:42 INFO  [traceId=,
				spanId=] [restartedMain] o.a.catalina.core.StandardEngine - Starting Servlet engine: [Apache Tomcat/10.1.19]
2025-05-15 14:47:43 INFO  [traceId=,
				spanId=] [restartedMain] o.a.c.c.C.[Tomcat].[localhost].[/] - Initializing Spring embedded WebApplicationContext
2025-05-15 14:47:43 INFO  [traceId=,
				spanId=] [restartedMain] o.s.b.w.s.c.ServletWebServerApplicationContext - Root WebApplicationContext: initialization completed in 5966 ms
2025-05-15 14:47:44 INFO  [traceId=,
				spanId=] [restartedMain] o.h.jpa.internal.util.LogHelper - HHH000204: Processing PersistenceUnitInfo [name: default]
2025-05-15 14:47:44 INFO  [traceId=,
				spanId=] [restartedMain] org.hibernate.Version - HHH000412: Hibernate ORM core version 6.4.4.Final
2025-05-15 14:47:44 INFO  [traceId=,
				spanId=] [restartedMain] o.h.c.i.RegionFactoryInitiator - HHH000026: Second-level cache disabled
2025-05-15 14:47:44 INFO  [traceId=,
				spanId=] [restartedMain] o.s.o.j.p.SpringPersistenceUnitInfo - No LoadTimeWeaver setup: ignoring JPA class transformer
2025-05-15 14:47:44 INFO  [traceId=,
				spanId=] [restartedMain] com.zaxxer.hikari.HikariDataSource - HikariPool-1 - Starting...
2025-05-15 14:47:45 INFO  [traceId=,
				spanId=] [restartedMain] com.zaxxer.hikari.pool.HikariPool - HikariPool-1 - Added connection com.mysql.cj.jdbc.ConnectionImpl@7bc29ff9
2025-05-15 14:47:45 INFO  [traceId=,
				spanId=] [restartedMain] com.zaxxer.hikari.HikariDataSource - HikariPool-1 - Start completed.
2025-05-15 14:47:45 WARN  [traceId=,
				spanId=] [restartedMain] org.hibernate.orm.deprecation - HHH90000025: MySQL8Dialect does not need to be specified explicitly using 'hibernate.dialect' (remove the property setting and it will be selected by default)
2025-05-15 14:47:45 WARN  [traceId=,
				spanId=] [restartedMain] org.hibernate.orm.deprecation - HHH90000026: MySQL8Dialect has been deprecated; use org.hibernate.dialect.MySQLDialect instead
2025-05-15 14:47:47 INFO  [traceId=,
				spanId=] [restartedMain] o.h.e.t.j.p.i.JtaPlatformInitiator - HHH000489: No JTA platform available (set 'hibernate.transaction.jta.platform' to enable JTA platform integration)
2025-05-15 14:47:48 INFO  [traceId=,
				spanId=] [restartedMain] o.s.o.j.LocalContainerEntityManagerFactoryBean - Initialized JPA EntityManagerFactory for persistence unit 'default'
2025-05-15 14:47:49 WARN  [traceId=,
				spanId=] [restartedMain] o.s.b.a.o.j.JpaBaseConfiguration$JpaWebConfiguration - spring.jpa.open-in-view is enabled by default. Therefore, database queries may be performed during view rendering. Explicitly configure spring.jpa.open-in-view to disable this warning
2025-05-15 14:47:51 INFO  [traceId=,
				spanId=] [restartedMain] o.s.d.j.r.query.QueryEnhancerFactory - Hibernate is in classpath; If applicable, HQL parser will be used.
2025-05-15 14:47:53 INFO  [traceId=,
				spanId=] [restartedMain] o.s.b.a.e.web.EndpointLinksResolver - Exposing 1 endpoint(s) beneath base path '/actuator'
2025-05-15 14:47:53 INFO  [traceId=,
				spanId=] [restartedMain] o.s.s.web.DefaultSecurityFilterChain - Will secure any request with [org.springframework.security.web.session.DisableEncodeUrlFilter@64a49a1f, org.springframework.security.web.context.request.async.WebAsyncManagerIntegrationFilter@3ea42558, org.springframework.security.web.context.SecurityContextHolderFilter@686190a3, org.springframework.security.web.header.HeaderWriterFilter@62458507, org.springframework.web.filter.CorsFilter@736b0e62, org.springframework.security.web.authentication.logout.LogoutFilter@5a6e3890, com.ecomhubconnect.EcomHubConnect.Session.SessionFilter@1ea63ac4, org.springframework.security.web.savedrequest.RequestCacheAwareFilter@3fd098af, org.springframework.security.web.servletapi.SecurityContextHolderAwareRequestFilter@fbdc2a9, org.springframework.security.web.authentication.AnonymousAuthenticationFilter@75920f8f, org.springframework.security.web.session.SessionManagementFilter@4060ba20, org.springframework.security.web.access.ExceptionTranslationFilter@6dea71b0, org.springframework.security.web.access.intercept.AuthorizationFilter@17e2d76f]
2025-05-15 14:47:54 INFO  [traceId=,
				spanId=] [restartedMain] o.s.b.d.a.OptionalLiveReloadServer - LiveReload server is running on port 35729
2025-05-15 14:47:55 INFO  [traceId=,
				spanId=] [restartedMain] o.a.coyote.http11.Http11NioProtocol - Starting ProtocolHandler ["http-nio-8080"]
2025-05-15 14:47:55 INFO  [traceId=,
				spanId=] [restartedMain] o.s.b.w.e.tomcat.TomcatWebServer - Tomcat started on port 8080 (http) with context path ''
2025-05-15 14:47:55 INFO  [traceId=,
				spanId=] [restartedMain] o.s.a.r.c.CachingConnectionFactory - Attempting to connect to: [localhost:5672]
2025-05-15 14:47:55 INFO  [traceId=,
				spanId=] [restartedMain] o.s.a.r.c.CachingConnectionFactory - Created new connection: rabbitConnectionFactory#3f120faa:0/SimpleConnection@391679c0 [delegate=amqp://guest@127.0.0.1:5672/, localPort=61499]
2025-05-15 14:47:55 INFO  [traceId=,
				spanId=] [restartedMain] c.e.E.EcomHubConnectApplication - Started EcomHubConnectApplication in 20.141 seconds (process running for 22.21)
2025-05-15 14:48:45 INFO  [traceId=,
				spanId=] [org.springframework.amqp.rabbit.RabbitListenerEndpointContainer#0-2] o.s.a.r.l.SimpleMessageListenerContainer - Waiting for workers to finish.
2025-05-15 14:48:45 INFO  [traceId=,
				spanId=] [org.springframework.amqp.rabbit.RabbitListenerEndpointContainer#0-2] o.s.a.r.l.SimpleMessageListenerContainer - Successfully waited for workers to finish.
2025-05-15 14:48:45 INFO  [traceId=,
				spanId=] [SpringApplicationShutdownHook] o.s.o.j.LocalContainerEntityManagerFactoryBean - Closing JPA EntityManagerFactory for persistence unit 'default'
2025-05-15 14:48:45 INFO  [traceId=,
				spanId=] [SpringApplicationShutdownHook] com.zaxxer.hikari.HikariDataSource - HikariPool-1 - Shutdown initiated...
2025-05-15 14:48:45 INFO  [traceId=,
				spanId=] [SpringApplicationShutdownHook] com.zaxxer.hikari.HikariDataSource - HikariPool-1 - Shutdown completed.
